TN:
SF:config\database.js
FN:5,connect
FN:13,disconnect
FNF:2
FNH:1
FNDA:1,connect
FNDA:0,disconnect
DA:1,1
DA:2,1
DA:3,1
DA:4,1
DA:5,1
DA:6,1
DA:7,1
DA:8,1
DA:9,1
DA:10,1
DA:11,1
DA:12,1
DA:13,0
DA:14,0
DA:15,0
DA:16,0
DA:17,0
DA:18,0
DA:19,1
DA:20,1
LF:20
LH:14
BRDA:5,0,0,1
BRF:1
BRH:1
end_of_record
TN:
SF:repository\repository.js
FN:4,getAllCities
FNF:1
FNH:1
FNDA:1,getAllCities
DA:1,1
DA:2,1
DA:3,1
DA:4,1
DA:5,1
DA:6,1
DA:7,1
DA:8,1
DA:9,1
DA:10,1
DA:11,1
DA:12,1
DA:13,1
DA:14,1
LF:14
LH:14
BRDA:4,0,0,1
BRF:1
BRH:1
end_of_record
